[debug] [2022-05-12T05:30:14.138Z] ----------------------------------------------------------------------
[debug] [2022-05-12T05:30:14.140Z] Command:       /home/truong/.nvm/versions/node/v16.14.2/bin/node /home/truong/.nvm/versions/node/v16.14.2/bin/firebase deploy
[debug] [2022-05-12T05:30:14.141Z] CLI Version:   10.9.2
[debug] [2022-05-12T05:30:14.141Z] Platform:      linux
[debug] [2022-05-12T05:30:14.141Z] Node Version:  v16.14.2
[debug] [2022-05-12T05:30:14.153Z] Time:          Thu May 12 2022 12:30:14 GMT+0700 (Indochina Time)
[debug] [2022-05-12T05:30:14.154Z] ----------------------------------------------------------------------
[debug] 
[debug] [2022-05-12T05:30:14.235Z] > command requires scopes: ["email","openid","https://www.googleapis.com/auth/cloudplatformprojects.readonly","https://www.googleapis.com/auth/firebase","https://www.googleapis.com/auth/cloud-platform"]
[debug] [2022-05-12T05:30:14.235Z] > authorizing via signed-in user (truongwerk@gmail.com)
[debug] [2022-05-12T05:30:14.235Z] [iam] checking project facebook-clone-38694 for permissions ["datastore.indexes.create","datastore.indexes.delete","datastore.indexes.list","datastore.indexes.update","firebase.projects.get","firebasehosting.sites.update"]
[debug] [2022-05-12T05:30:14.240Z] >>> [apiv2][query] POST https://cloudresourcemanager.googleapis.com/v1/projects/facebook-clone-38694:testIamPermissions [none]
[debug] [2022-05-12T05:30:14.240Z] >>> [apiv2][body] POST https://cloudresourcemanager.googleapis.com/v1/projects/facebook-clone-38694:testIamPermissions {"permissions":["datastore.indexes.create","datastore.indexes.delete","datastore.indexes.list","datastore.indexes.update","firebase.projects.get","firebasehosting.sites.update"]}
[debug] [2022-05-12T05:30:15.402Z] <<< [apiv2][status] POST https://cloudresourcemanager.googleapis.com/v1/projects/facebook-clone-38694:testIamPermissions 200
[debug] [2022-05-12T05:30:15.402Z] <<< [apiv2][body] POST https://cloudresourcemanager.googleapis.com/v1/projects/facebook-clone-38694:testIamPermissions {"permissions":["datastore.indexes.create","datastore.indexes.delete","datastore.indexes.list","datastore.indexes.update","firebase.projects.get","firebasehosting.sites.update"]}
[debug] [2022-05-12T05:30:15.404Z] >>> [apiv2][query] GET https://firebase.googleapis.com/v1beta1/projects/facebook-clone-38694 [none]
[debug] [2022-05-12T05:30:15.797Z] <<< [apiv2][status] GET https://firebase.googleapis.com/v1beta1/projects/facebook-clone-38694 200
[debug] [2022-05-12T05:30:15.798Z] <<< [apiv2][body] GET https://firebase.googleapis.com/v1beta1/projects/facebook-clone-38694 {"projectId":"facebook-clone-38694","projectNumber":"104798208460","displayName":"facebook-clone","name":"projects/facebook-clone-38694","resources":{"hostingSite":"facebook-clone-38694","storageBucket":"facebook-clone-38694.appspot.com","locationId":"us-central"},"state":"ACTIVE"}
[info] 
[info] === Deploying to 'facebook-clone-38694'...
[info] 
[info] i  deploying firestore, hosting 
[info] i  firestore: reading indexes from firestore.indexes.json... 
[info] i  cloud.firestore: checking firestore.rules for compilation errors... 
[debug] [2022-05-12T05:30:15.807Z] >>> [apiv2][query] POST https://firebaserules.googleapis.com/v1/projects/facebook-clone-38694:test [none]
[debug] [2022-05-12T05:30:15.807Z] >>> [apiv2][body] POST https://firebaserules.googleapis.com/v1/projects/facebook-clone-38694:test [omitted]
[debug] [2022-05-12T05:30:17.185Z] <<< [apiv2][status] POST https://firebaserules.googleapis.com/v1/projects/facebook-clone-38694:test 200
[debug] [2022-05-12T05:30:17.185Z] <<< [apiv2][body] POST https://firebaserules.googleapis.com/v1/projects/facebook-clone-38694:test {}
[info] ✔  cloud.firestore: rules file firestore.rules compiled successfully 
[debug] [2022-05-12T05:30:17.188Z] >>> [apiv2][query] GET https://firebase.googleapis.com/v1beta1/projects/facebook-clone-38694 [none]
[debug] [2022-05-12T05:30:17.814Z] <<< [apiv2][status] GET https://firebase.googleapis.com/v1beta1/projects/facebook-clone-38694 200
[debug] [2022-05-12T05:30:17.815Z] <<< [apiv2][body] GET https://firebase.googleapis.com/v1beta1/projects/facebook-clone-38694 {"projectId":"facebook-clone-38694","projectNumber":"104798208460","displayName":"facebook-clone","name":"projects/facebook-clone-38694","resources":{"hostingSite":"facebook-clone-38694","storageBucket":"facebook-clone-38694.appspot.com","locationId":"us-central"},"state":"ACTIVE"}
[debug] [2022-05-12T05:30:17.819Z] >>> [apiv2][query] POST https://firebasehosting.googleapis.com/v1beta1/projects/104798208460/sites/facebook-clone-38694/versions [none]
[debug] [2022-05-12T05:30:17.819Z] >>> [apiv2][body] POST https://firebasehosting.googleapis.com/v1beta1/projects/104798208460/sites/facebook-clone-38694/versions {"config":{"rewrites":[{"glob":"**","path":"/index.html"}]},"labels":{"deployment-tool":"cli-firebase"}}
[debug] [2022-05-12T05:30:19.552Z] <<< [apiv2][status] POST https://firebasehosting.googleapis.com/v1beta1/projects/104798208460/sites/facebook-clone-38694/versions 200
[debug] [2022-05-12T05:30:19.553Z] <<< [apiv2][body] POST https://firebasehosting.googleapis.com/v1beta1/projects/104798208460/sites/facebook-clone-38694/versions {"name":"projects/104798208460/sites/facebook-clone-38694/versions/5a999d0bf016b105","status":"CREATED","config":{"rewrites":[{"glob":"**","path":"/index.html"}]},"labels":{"deployment-tool":"cli-firebase"}}
[debug] [2022-05-12T05:30:19.558Z] > refreshing access token with scopes: ["email","https://www.googleapis.com/auth/cloud-platform","https://www.googleapis.com/auth/cloudplatformprojects.readonly","https://www.googleapis.com/auth/firebase","openid"]
[debug] [2022-05-12T05:30:19.559Z] >>> HTTP REQUEST POST https://www.googleapis.com/oauth2/v3/token  
 <request body omitted>
[debug] [2022-05-12T05:30:19.563Z] >>> [apiv2][query] GET https://firebaserules.googleapis.com/v1/projects/facebook-clone-38694/releases pageSize=10&pageToken=
[debug] [2022-05-12T05:30:19.777Z] <<< HTTP RESPONSE 200 {"cache-control":"no-cache, no-store, max-age=0, must-revalidate","expires":"Mon, 01 Jan 1990 00:00:00 GMT","pragma":"no-cache","date":"Thu, 12 May 2022 05:30:19 GMT","content-type":"application/json; charset=utf-8","vary":"X-Origin, Referer, Origin,Accept-Encoding","server":"scaffolding on HTTPServer2","x-xss-protection":"0","x-frame-options":"SAMEORIGIN","x-content-type-options":"nosniff","alt-svc":"h3=\":443\"; ma=2592000,h3-29=\":443\"; ma=2592000,h3-Q050=\":443\"; ma=2592000,h3-Q046=\":443\"; ma=2592000,h3-Q043=\":443\"; ma=2592000,quic=\":443\"; ma=2592000; v=\"46,43\"","accept-ranges":"none","transfer-encoding":"chunked"}
[debug] [2022-05-12T05:30:19.786Z] >>> HTTP REQUEST GET https://firestore.googleapis.com/v1/projects/facebook-clone-38694/databases/(default)/collectionGroups/-/indexes  
 
[debug] [2022-05-12T05:30:20.915Z] <<< [apiv2][status] GET https://firebaserules.googleapis.com/v1/projects/facebook-clone-38694/releases 200
[debug] [2022-05-12T05:30:20.916Z] <<< [apiv2][body] GET https://firebaserules.googleapis.com/v1/projects/facebook-clone-38694/releases {"releases":[{"name":"projects/facebook-clone-38694/releases/cloud.firestore","rulesetName":"projects/facebook-clone-38694/rulesets/fccf5185-8102-4e5e-a336-bf87a6be8cca","createTime":"2022-05-05T10:45:58.602273Z","updateTime":"2022-05-12T05:14:43.088139Z"}]}
[debug] [2022-05-12T05:30:20.918Z] > refreshing access token with scopes: []
[debug] [2022-05-12T05:30:20.918Z] >>> HTTP REQUEST POST https://www.googleapis.com/oauth2/v3/token  
 <request body omitted>
[debug] [2022-05-12T05:30:21.124Z] <<< HTTP RESPONSE 200 {"date":"Thu, 12 May 2022 05:30:21 GMT","expires":"Mon, 01 Jan 1990 00:00:00 GMT","cache-control":"no-cache, no-store, max-age=0, must-revalidate","pragma":"no-cache","content-type":"application/json; charset=utf-8","vary":"X-Origin, Referer, Origin,Accept-Encoding","server":"scaffolding on HTTPServer2","x-xss-protection":"0","x-frame-options":"SAMEORIGIN","x-content-type-options":"nosniff","alt-svc":"h3=\":443\"; ma=2592000,h3-29=\":443\"; ma=2592000,h3-Q050=\":443\"; ma=2592000,h3-Q046=\":443\"; ma=2592000,h3-Q043=\":443\"; ma=2592000,quic=\":443\"; ma=2592000; v=\"46,43\"","accept-ranges":"none","transfer-encoding":"chunked"}
[debug] [2022-05-12T05:30:21.132Z] >>> [apiv2][query] GET https://firebaserules.googleapis.com/v1/projects/facebook-clone-38694/rulesets/fccf5185-8102-4e5e-a336-bf87a6be8cca [none]
[debug] [2022-05-12T05:30:21.450Z] <<< HTTP RESPONSE 200 {"content-type":"application/json; charset=UTF-8","vary":"X-Origin, Referer, Origin,Accept-Encoding","date":"Thu, 12 May 2022 05:30:21 GMT","server":"ESF","cache-control":"private","x-xss-protection":"0","x-frame-options":"SAMEORIGIN","x-content-type-options":"nosniff","alt-svc":"h3=\":443\"; ma=2592000,h3-29=\":443\"; ma=2592000,h3-Q050=\":443\"; ma=2592000,h3-Q046=\":443\"; ma=2592000,h3-Q043=\":443\"; ma=2592000,quic=\":443\"; ma=2592000; v=\"46,43\"","accept-ranges":"none","transfer-encoding":"chunked"}
[debug] [2022-05-12T05:30:21.452Z] > refreshing access token with scopes: ["email","https://www.googleapis.com/auth/cloud-platform","https://www.googleapis.com/auth/cloudplatformprojects.readonly","https://www.googleapis.com/auth/firebase","openid"]
[debug] [2022-05-12T05:30:21.452Z] >>> HTTP REQUEST POST https://www.googleapis.com/oauth2/v3/token  
 <request body omitted>
[debug] [2022-05-12T05:30:21.612Z] <<< HTTP RESPONSE 200 {"cache-control":"no-cache, no-store, max-age=0, must-revalidate","expires":"Mon, 01 Jan 1990 00:00:00 GMT","date":"Thu, 12 May 2022 05:30:21 GMT","pragma":"no-cache","content-type":"application/json; charset=utf-8","vary":"X-Origin, Referer, Origin,Accept-Encoding","server":"scaffolding on HTTPServer2","x-xss-protection":"0","x-frame-options":"SAMEORIGIN","x-content-type-options":"nosniff","alt-svc":"h3=\":443\"; ma=2592000,h3-29=\":443\"; ma=2592000,h3-Q050=\":443\"; ma=2592000,h3-Q046=\":443\"; ma=2592000,h3-Q043=\":443\"; ma=2592000,quic=\":443\"; ma=2592000; v=\"46,43\"","accept-ranges":"none","transfer-encoding":"chunked"}
[debug] [2022-05-12T05:30:21.620Z] >>> HTTP REQUEST GET https://firestore.googleapis.com/v1/projects/facebook-clone-38694/databases/(default)/collectionGroups/-/fields?filter=indexConfig.usesAncestorConfig=false  
 
[debug] [2022-05-12T05:30:22.290Z] <<< HTTP RESPONSE 200 {"content-type":"application/json; charset=UTF-8","vary":"X-Origin, Referer, Origin,Accept-Encoding","date":"Thu, 12 May 2022 05:30:22 GMT","server":"ESF","cache-control":"private","x-xss-protection":"0","x-frame-options":"SAMEORIGIN","x-content-type-options":"nosniff","alt-svc":"h3=\":443\"; ma=2592000,h3-29=\":443\"; ma=2592000,h3-Q050=\":443\"; ma=2592000,h3-Q046=\":443\"; ma=2592000,h3-Q043=\":443\"; ma=2592000,quic=\":443\"; ma=2592000; v=\"46,43\"","accept-ranges":"none","transfer-encoding":"chunked"}
[info] ✔  firestore: deployed indexes in firestore.indexes.json successfully 
[debug] [2022-05-12T05:30:22.490Z] <<< [apiv2][status] GET https://firebaserules.googleapis.com/v1/projects/facebook-clone-38694/rulesets/fccf5185-8102-4e5e-a336-bf87a6be8cca 200
[debug] [2022-05-12T05:30:22.490Z] <<< [apiv2][body] GET https://firebaserules.googleapis.com/v1/projects/facebook-clone-38694/rulesets/fccf5185-8102-4e5e-a336-bf87a6be8cca [omitted]
[info] i  firestore: uploading rules firestore.rules... 
[debug] [2022-05-12T05:30:22.492Z] > refreshing access token with scopes: []
[debug] [2022-05-12T05:30:22.492Z] >>> HTTP REQUEST POST https://www.googleapis.com/oauth2/v3/token  
 <request body omitted>
[debug] [2022-05-12T05:30:22.634Z] <<< HTTP RESPONSE 200 {"date":"Thu, 12 May 2022 05:30:22 GMT","expires":"Mon, 01 Jan 1990 00:00:00 GMT","cache-control":"no-cache, no-store, max-age=0, must-revalidate","pragma":"no-cache","content-type":"application/json; charset=utf-8","vary":"X-Origin, Referer, Origin,Accept-Encoding","server":"scaffolding on HTTPServer2","x-xss-protection":"0","x-frame-options":"SAMEORIGIN","x-content-type-options":"nosniff","alt-svc":"h3=\":443\"; ma=2592000,h3-29=\":443\"; ma=2592000,h3-Q050=\":443\"; ma=2592000,h3-Q046=\":443\"; ma=2592000,h3-Q043=\":443\"; ma=2592000,quic=\":443\"; ma=2592000; v=\"46,43\"","accept-ranges":"none","transfer-encoding":"chunked"}
[debug] [2022-05-12T05:30:22.642Z] >>> [apiv2][query] POST https://firebaserules.googleapis.com/v1/projects/facebook-clone-38694/rulesets [none]
[debug] [2022-05-12T05:30:22.642Z] >>> [apiv2][body] POST https://firebaserules.googleapis.com/v1/projects/facebook-clone-38694/rulesets [omitted]
[debug] [2022-05-12T05:30:24.056Z] <<< [apiv2][status] POST https://firebaserules.googleapis.com/v1/projects/facebook-clone-38694/rulesets 200
[debug] [2022-05-12T05:30:24.056Z] <<< [apiv2][body] POST https://firebaserules.googleapis.com/v1/projects/facebook-clone-38694/rulesets {"name":"projects/facebook-clone-38694/rulesets/92a22c60-cd4f-40dd-8960-abb2b476d3c5","source":{"files":[{"content":"rules_version = '2';\nservice cloud.firestore{\n  match /databases/{database}/documents{\n    match /{document=**}{\n      allow read, write: if request.auth.uid != null;\n    }\n  }\n}","name":"firestore.rules"}]},"createTime":"2022-05-12T05:30:23.922895Z","metadata":{"services":["cloud.firestore"]}}
[debug] [2022-05-12T05:30:24.056Z] [rules] created ruleset projects/facebook-clone-38694/rulesets/92a22c60-cd4f-40dd-8960-abb2b476d3c5
[info] i  hosting[facebook-clone-38694]: beginning deploy... 
[info] i  hosting[facebook-clone-38694]: found 23 files in build 
[debug] [2022-05-12T05:30:24.079Z] [hosting] uploading with 200 concurrency
[debug] [2022-05-12T05:30:24.664Z] [hosting] hash cache [YnVpbGQ] stored for 23 files
[debug] [2022-05-12T05:30:24.664Z] [hosting][hash queue][FINAL] {"max":568,"min":29,"avg":71.04347826086956,"active":0,"complete":23,"success":23,"errored":0,"retried":0,"total":23,"elapsed":582}
[debug] [2022-05-12T05:30:24.665Z] >>> [apiv2][query] POST https://firebasehosting.googleapis.com/v1beta1/projects/104798208460/sites/facebook-clone-38694/versions/5a999d0bf016b105:populateFiles [none]
[debug] [2022-05-12T05:30:24.665Z] >>> [apiv2][body] POST https://firebasehosting.googleapis.com/v1beta1/projects/104798208460/sites/facebook-clone-38694/versions/5a999d0bf016b105:populateFiles {"files":{"/asset-manifest.json":"10e47f7a04d43091825b4b6cf31388e8a3c22087513d5419c7a94d5273f32260","/manifest.json":"640468a06badf9826210e523388739b1782f70e529075b8bdb54993ccdfe39f4","/logo192.png":"80c0c86038155157c598542b500c99bc0f9db274330990aacc87e67f97a345ee","/favicon.ico":"a0f4effdcc48b4391cc811661d88c293ff959a3bddfed7653392cceaf72eb128","/index.html":"78d9602497e89e29e9dbdd1046540a162daf5a93931f6dd2d6677734c3574d95","/robots.txt":"2544ca049f223a42bff01f72ad930a5edba75bbb7199d0f8430a02ff5aca16ec","/static/css/main.a69dcb87.css":"e13412c89adf0a389c9474e3ae11239974f15480dcfe0d7b79422a12c39af137","/static/css/main.a69dcb87.css.map":"d99188efae8880377e451664f75014eeb458c43f16cade906f6ee4b49d8af83c","/static/js/main.ba86090f.js.LICENSE.txt":"8d304e468806367c1b071e81d496e83b3a39f3fd89bd6b53ca8eeca6813003f0","/logo512.png":"40a0b7c25a61a479ecdf85f9a75f9e7cb4cabe79490f4281a44576360e118135","/img/fb_logo.png":"63da8a6ba22537bbb192f37aab8844b211ea67bb51fccebe0b9a157f6397d438","/img/story/storyImage3.jpg":"f90473d630e85633d50b2290ba49e31eee899d70eb38489f84c6b0d16ad6a056","/img/story/storyProfile5.jpg":"33a3fd4449d9261349a9b1298f24911cf93357a8d53c85f3d22c445ada87cf73","/img/story/storyProfile1.jpg":"b31a4baa6e5861fa1348b10c83aff878b9a896ba1b017b9b0ca74b08a7908835","/img/story/storyImage1.jpg":"19734499dc3cbfb4d11c6c39575f6234284fbbca58148de4a4dd0f2817a8faa7","/img/story/storyImage5.jpg":"9ee7ab19483731369ea61526f85bb2c777d0e5341251c1b4f17df439067e8d97","/img/story/storyProfile3.jpg":"142e468438806732152d7889828e091e6618023ccb8ec79fca4d084cf9d9e913","/img/story/storyImage4.jpg":"49c1a112c45a338a9974e87a51306038f25f5756894b01a60b1de4fad8ef3356","/img/story/storyProfile2.jpg":"7700105efb1427fc1d753f9282eebca213e088029bafbff982f952d254ee958c","/img/story/storyProfile4.jpg":"fc34f715b21d39cf5ae370f7211a2b3954f3c2b77694d8ce413235836ed1a759","/img/story/storyImage2.jpg":"3eb5c37c8e17d4a0d1139647866c64e25f864529f7141c81928c65bc995d8ab5","/static/js/main.ba86090f.js":"7c51f64acc86ca56ed709e418bbfeb19c1fff756ed14897165f6e801af345f27","/static/js/main.ba86090f.js.map":"03cc7fb2f05cd4a5785e58fab01f6e9b70393ce194dead59302a17fef4f01870"}}
[debug] [2022-05-12T05:30:26.132Z] <<< [apiv2][status] POST https://firebasehosting.googleapis.com/v1beta1/projects/104798208460/sites/facebook-clone-38694/versions/5a999d0bf016b105:populateFiles 200
[debug] [2022-05-12T05:30:26.132Z] <<< [apiv2][body] POST https://firebasehosting.googleapis.com/v1beta1/projects/104798208460/sites/facebook-clone-38694/versions/5a999d0bf016b105:populateFiles {"uploadRequiredHashes":["78d9602497e89e29e9dbdd1046540a162daf5a93931f6dd2d6677734c3574d95"],"uploadUrl":"https://upload-firebasehosting.googleapis.com/upload/sites/facebook-clone-38694/versions/5a999d0bf016b105/files"}
[debug] [2022-05-12T05:30:26.134Z] >>> [apiv2][query] POST https://upload-firebasehosting.googleapis.com/upload/sites/facebook-clone-38694/versions/5a999d0bf016b105/files/78d9602497e89e29e9dbdd1046540a162daf5a93931f6dd2d6677734c3574d95 [none]
[debug] [2022-05-12T05:30:26.134Z] >>> [apiv2][body] POST https://upload-firebasehosting.googleapis.com/upload/sites/facebook-clone-38694/versions/5a999d0bf016b105/files/78d9602497e89e29e9dbdd1046540a162daf5a93931f6dd2d6677734c3574d95 [stream]
[debug] [2022-05-12T05:30:26.137Z] [hosting][populate queue][FINAL] {"max":1472,"min":1472,"avg":1472,"active":0,"complete":1,"success":1,"errored":0,"retried":0,"total":1,"elapsed":1476}
[debug] [2022-05-12T05:30:26.138Z] [hosting] uploads queued: 1
